<html>
<head>
<title>TestNG:  Test</title>
<link href="../testng.css" rel="stylesheet" type="text/css" />
<link href="../my-testng.css" rel="stylesheet" type="text/css" />

<style type="text/css">
.log { display: none;} 
.stack-trace { display: none;} 
</style>
<script type="text/javascript">
<!--
function flip(e) {
  current = e.style.display;
  if (current == 'block') {
    e.style.display = 'none';
    return 0;
  }
  else {
    e.style.display = 'block';
    return 1;
  }
}

function toggleBox(szDivId, elem, msg1, msg2)
{
  var res = -1;  if (document.getElementById) {
    res = flip(document.getElementById(szDivId));
  }
  else if (document.all) {
    // this is the way old msie versions work
    res = flip(document.all[szDivId]);
  }
  if(elem) {
    if(res == 0) elem.innerHTML = msg1; else elem.innerHTML = msg2;
  }

}

function toggleAllBoxes() {
  if (document.getElementsByTagName) {
    d = document.getElementsByTagName('div');
    for (i = 0; i < d.length; i++) {
      if (d[i].className == 'log') {
        flip(d[i]);
      }
    }
  }
}

// -->
</script>

</head>
<body>
<h2 align='center'>Test</h2><table border='1' align="center">
<tr>
<td>Tests passed/Failed/Skipped:</td><td>14/5/0</td>
</tr><tr>
<td>Started on:</td><td>Mon Jul 12 13:00:04 EDT 2021</td>
</tr>
<tr><td>Total time:</td><td>998 seconds (998356 ms)</td>
</tr><tr>
<td>Included groups:</td><td></td>
</tr><tr>
<td>Excluded groups:</td><td></td>
</tr>
</table><p/>
<small><i>(Hover the method name to see the test class name)</i></small><p/>
<table width='100%' border='1' class='invocation-failed'>
<tr><td colspan='4' align='center'><b>FAILED TESTS</b></td></tr>
<tr><td><b>Test method</b></td>
<td width="30%"><b>Exception</b></td>
<td width="10%"><b>Time (seconds)</b></td>
<td><b>Instance</b></td>
</tr>
<tr>
<td title='Inkbox.Tests.HomePageTest.Verify_Display_of_Products_on_Homepage()'><b>Verify_Display_of_Products_on_Homepage</b><br>Test class: Inkbox.Tests.HomePageTest</td>
<td><div><pre>java.lang.AssertionError
	at org.junit.Assert.fail(Assert.java:86)
	at org.junit.Assert.fail(Assert.java:95)
	at Helpers.ControlHelpers.getText(ControlHelpers.java:113)
	at Inkbox.Pages.HomePage.Validating_JustDrop_Products(HomePage.java:45)
	at Inkbox.Tests.HomePageTest.Verify_Display_of_Products_on_Homepage(HomePageTest.java:55)
	at java.base/java.util.ArrayList.forEach(ArrayList.java:1511)
... Removed 27 stack frames</pre></div><a href='#' onClick='toggleBox("stack-trace1514723919", this, "Click to show all stack frames", "Click to hide stack frames")'>Click to show all stack frames</a>
<div class='stack-trace' id='stack-trace1514723919'><pre>java.lang.AssertionError
	at org.junit.Assert.fail(Assert.java:86)
	at org.junit.Assert.fail(Assert.java:95)
	at Helpers.ControlHelpers.getText(ControlHelpers.java:113)
	at Inkbox.Pages.HomePage.Validating_JustDrop_Products(HomePage.java:45)
	at Inkbox.Tests.HomePageTest.Verify_Display_of_Products_on_Homepage(HomePageTest.java:55)
	at java.base/jdk.internal.reflect.NativeMethodAccessorImpl.invoke0(Native Method)
	at java.base/jdk.internal.reflect.NativeMethodAccessorImpl.invoke(NativeMethodAccessorImpl.java:78)
	at java.base/jdk.internal.reflect.DelegatingMethodAccessorImpl.invoke(DelegatingMethodAccessorImpl.java:43)
	at java.base/java.lang.reflect.Method.invoke(Method.java:567)
	at org.testng.internal.MethodInvocationHelper.invokeMethod(MethodInvocationHelper.java:133)
	at org.testng.internal.TestInvoker.invokeMethod(TestInvoker.java:598)
	at org.testng.internal.TestInvoker.invokeTestMethod(TestInvoker.java:173)
	at org.testng.internal.MethodRunner.runInSequence(MethodRunner.java:46)
	at org.testng.internal.TestInvoker$MethodInvocationAgent.invoke(TestInvoker.java:824)
	at org.testng.internal.TestInvoker.invokeTestMethods(TestInvoker.java:146)
	at org.testng.internal.TestMethodWorker.invokeTestMethods(TestMethodWorker.java:146)
	at org.testng.internal.TestMethodWorker.run(TestMethodWorker.java:128)
	at java.base/java.util.ArrayList.forEach(ArrayList.java:1511)
	at org.testng.TestRunner.privateRun(TestRunner.java:794)
	at org.testng.TestRunner.run(TestRunner.java:596)
	at org.testng.SuiteRunner.runTest(SuiteRunner.java:377)
	at org.testng.SuiteRunner.runSequentially(SuiteRunner.java:371)
	at org.testng.SuiteRunner.privateRun(SuiteRunner.java:332)
	at org.testng.SuiteRunner.run(SuiteRunner.java:276)
	at org.testng.SuiteRunnerWorker.runSuite(SuiteRunnerWorker.java:53)
	at org.testng.SuiteRunnerWorker.run(SuiteRunnerWorker.java:96)
	at org.testng.TestNG.runSuitesSequentially(TestNG.java:1212)
	at org.testng.TestNG.runSuitesLocally(TestNG.java:1134)
	at org.testng.TestNG.runSuites(TestNG.java:1063)
	at org.testng.TestNG.run(TestNG.java:1031)
	at org.testng.remote.AbstractRemoteTestNG.run(AbstractRemoteTestNG.java:115)
	at org.testng.remote.RemoteTestNG.initAndRun(RemoteTestNG.java:251)
	at org.testng.remote.RemoteTestNG.main(RemoteTestNG.java:77)
</pre></div></td>
<td>29</td>
<td>Inkbox.Tests.HomePageTest@1d9b7cce</td></tr>
<tr>
<td title='Inkbox.Tests.ProductSearchTest.Verify_SearchResults()'><b>Verify_SearchResults</b><br>Test class: Inkbox.Tests.ProductSearchTest</td>
<td><div><pre>java.lang.AssertionError
	at org.junit.Assert.fail(Assert.java:86)
	at org.junit.Assert.fail(Assert.java:95)
	at Helpers.ControlHelpers.ButtonClick(ControlHelpers.java:63)
	at Inkbox.Pages.LoginPage.ClickLogin_link(LoginPage.java:47)
	at Inkbox.Pages.LoginPage.UserLogin(LoginPage.java:82)
	at Inkbox.Tests.ProductSearchTest.Verify_SearchResults(ProductSearchTest.java:49)
	at java.base/java.util.ArrayList.forEach(ArrayList.java:1511)
... Removed 27 stack frames</pre></div><a href='#' onClick='toggleBox("stack-trace1902831987", this, "Click to show all stack frames", "Click to hide stack frames")'>Click to show all stack frames</a>
<div class='stack-trace' id='stack-trace1902831987'><pre>java.lang.AssertionError
	at org.junit.Assert.fail(Assert.java:86)
	at org.junit.Assert.fail(Assert.java:95)
	at Helpers.ControlHelpers.ButtonClick(ControlHelpers.java:63)
	at Inkbox.Pages.LoginPage.ClickLogin_link(LoginPage.java:47)
	at Inkbox.Pages.LoginPage.UserLogin(LoginPage.java:82)
	at Inkbox.Tests.ProductSearchTest.Verify_SearchResults(ProductSearchTest.java:49)
	at java.base/jdk.internal.reflect.NativeMethodAccessorImpl.invoke0(Native Method)
	at java.base/jdk.internal.reflect.NativeMethodAccessorImpl.invoke(NativeMethodAccessorImpl.java:78)
	at java.base/jdk.internal.reflect.DelegatingMethodAccessorImpl.invoke(DelegatingMethodAccessorImpl.java:43)
	at java.base/java.lang.reflect.Method.invoke(Method.java:567)
	at org.testng.internal.MethodInvocationHelper.invokeMethod(MethodInvocationHelper.java:133)
	at org.testng.internal.TestInvoker.invokeMethod(TestInvoker.java:598)
	at org.testng.internal.TestInvoker.invokeTestMethod(TestInvoker.java:173)
	at org.testng.internal.MethodRunner.runInSequence(MethodRunner.java:46)
	at org.testng.internal.TestInvoker$MethodInvocationAgent.invoke(TestInvoker.java:824)
	at org.testng.internal.TestInvoker.invokeTestMethods(TestInvoker.java:146)
	at org.testng.internal.TestMethodWorker.invokeTestMethods(TestMethodWorker.java:146)
	at org.testng.internal.TestMethodWorker.run(TestMethodWorker.java:128)
	at java.base/java.util.ArrayList.forEach(ArrayList.java:1511)
	at org.testng.TestRunner.privateRun(TestRunner.java:794)
	at org.testng.TestRunner.run(TestRunner.java:596)
	at org.testng.SuiteRunner.runTest(SuiteRunner.java:377)
	at org.testng.SuiteRunner.runSequentially(SuiteRunner.java:371)
	at org.testng.SuiteRunner.privateRun(SuiteRunner.java:332)
	at org.testng.SuiteRunner.run(SuiteRunner.java:276)
	at org.testng.SuiteRunnerWorker.runSuite(SuiteRunnerWorker.java:53)
	at org.testng.SuiteRunnerWorker.run(SuiteRunnerWorker.java:96)
	at org.testng.TestNG.runSuitesSequentially(TestNG.java:1212)
	at org.testng.TestNG.runSuitesLocally(TestNG.java:1134)
	at org.testng.TestNG.runSuites(TestNG.java:1063)
	at org.testng.TestNG.run(TestNG.java:1031)
	at org.testng.remote.AbstractRemoteTestNG.run(AbstractRemoteTestNG.java:115)
	at org.testng.remote.RemoteTestNG.initAndRun(RemoteTestNG.java:251)
	at org.testng.remote.RemoteTestNG.main(RemoteTestNG.java:77)
</pre></div></td>
<td>15</td>
<td>Inkbox.Tests.ProductSearchTest@4d9e68d0</td></tr>
<tr>
<td title='Inkbox.Tests.ProductSearchTest.ValidatePricingBlock()'><b>ValidatePricingBlock</b><br>Test class: Inkbox.Tests.ProductSearchTest</td>
<td><div><pre>java.lang.AssertionError
	at org.junit.Assert.fail(Assert.java:86)
	at org.junit.Assert.fail(Assert.java:95)
	at Helpers.ControlHelpers.ButtonClick(ControlHelpers.java:63)
	at Inkbox.Pages.LoginPage.ClickLogin_link(LoginPage.java:47)
	at Inkbox.Pages.LoginPage.UserLogin(LoginPage.java:82)
	at Inkbox.Tests.ProductSearchTest.ValidatePricingBlock(ProductSearchTest.java:83)
	at java.base/java.util.ArrayList.forEach(ArrayList.java:1511)
... Removed 27 stack frames</pre></div><a href='#' onClick='toggleBox("stack-trace71322219", this, "Click to show all stack frames", "Click to hide stack frames")'>Click to show all stack frames</a>
<div class='stack-trace' id='stack-trace71322219'><pre>java.lang.AssertionError
	at org.junit.Assert.fail(Assert.java:86)
	at org.junit.Assert.fail(Assert.java:95)
	at Helpers.ControlHelpers.ButtonClick(ControlHelpers.java:63)
	at Inkbox.Pages.LoginPage.ClickLogin_link(LoginPage.java:47)
	at Inkbox.Pages.LoginPage.UserLogin(LoginPage.java:82)
	at Inkbox.Tests.ProductSearchTest.ValidatePricingBlock(ProductSearchTest.java:83)
	at java.base/jdk.internal.reflect.NativeMethodAccessorImpl.invoke0(Native Method)
	at java.base/jdk.internal.reflect.NativeMethodAccessorImpl.invoke(NativeMethodAccessorImpl.java:78)
	at java.base/jdk.internal.reflect.DelegatingMethodAccessorImpl.invoke(DelegatingMethodAccessorImpl.java:43)
	at java.base/java.lang.reflect.Method.invoke(Method.java:567)
	at org.testng.internal.MethodInvocationHelper.invokeMethod(MethodInvocationHelper.java:133)
	at org.testng.internal.TestInvoker.invokeMethod(TestInvoker.java:598)
	at org.testng.internal.TestInvoker.invokeTestMethod(TestInvoker.java:173)
	at org.testng.internal.MethodRunner.runInSequence(MethodRunner.java:46)
	at org.testng.internal.TestInvoker$MethodInvocationAgent.invoke(TestInvoker.java:824)
	at org.testng.internal.TestInvoker.invokeTestMethods(TestInvoker.java:146)
	at org.testng.internal.TestMethodWorker.invokeTestMethods(TestMethodWorker.java:146)
	at org.testng.internal.TestMethodWorker.run(TestMethodWorker.java:128)
	at java.base/java.util.ArrayList.forEach(ArrayList.java:1511)
	at org.testng.TestRunner.privateRun(TestRunner.java:794)
	at org.testng.TestRunner.run(TestRunner.java:596)
	at org.testng.SuiteRunner.runTest(SuiteRunner.java:377)
	at org.testng.SuiteRunner.runSequentially(SuiteRunner.java:371)
	at org.testng.SuiteRunner.privateRun(SuiteRunner.java:332)
	at org.testng.SuiteRunner.run(SuiteRunner.java:276)
	at org.testng.SuiteRunnerWorker.runSuite(SuiteRunnerWorker.java:53)
	at org.testng.SuiteRunnerWorker.run(SuiteRunnerWorker.java:96)
	at org.testng.TestNG.runSuitesSequentially(TestNG.java:1212)
	at org.testng.TestNG.runSuitesLocally(TestNG.java:1134)
	at org.testng.TestNG.runSuites(TestNG.java:1063)
	at org.testng.TestNG.run(TestNG.java:1031)
	at org.testng.remote.AbstractRemoteTestNG.run(AbstractRemoteTestNG.java:115)
	at org.testng.remote.RemoteTestNG.initAndRun(RemoteTestNG.java:251)
	at org.testng.remote.RemoteTestNG.main(RemoteTestNG.java:77)
</pre></div></td>
<td>16</td>
<td>Inkbox.Tests.ProductSearchTest@4d9e68d0</td></tr>
<tr>
<td title='Inkbox.Tests.ProductSearchTest.SortBySize()'><b>SortBySize</b><br>Test class: Inkbox.Tests.ProductSearchTest</td>
<td><div><pre>java.lang.AssertionError
	at org.junit.Assert.fail(Assert.java:86)
	at org.junit.Assert.fail(Assert.java:95)
	at Helpers.ControlHelpers.ButtonClick(ControlHelpers.java:63)
	at Inkbox.Pages.LoginPage.ClickLogin_link(LoginPage.java:47)
	at Inkbox.Pages.LoginPage.UserLogin(LoginPage.java:82)
	at Inkbox.Tests.ProductSearchTest.SortBySize(ProductSearchTest.java:57)
	at java.base/java.util.ArrayList.forEach(ArrayList.java:1511)
... Removed 27 stack frames</pre></div><a href='#' onClick='toggleBox("stack-trace150385835", this, "Click to show all stack frames", "Click to hide stack frames")'>Click to show all stack frames</a>
<div class='stack-trace' id='stack-trace150385835'><pre>java.lang.AssertionError
	at org.junit.Assert.fail(Assert.java:86)
	at org.junit.Assert.fail(Assert.java:95)
	at Helpers.ControlHelpers.ButtonClick(ControlHelpers.java:63)
	at Inkbox.Pages.LoginPage.ClickLogin_link(LoginPage.java:47)
	at Inkbox.Pages.LoginPage.UserLogin(LoginPage.java:82)
	at Inkbox.Tests.ProductSearchTest.SortBySize(ProductSearchTest.java:57)
	at java.base/jdk.internal.reflect.NativeMethodAccessorImpl.invoke0(Native Method)
	at java.base/jdk.internal.reflect.NativeMethodAccessorImpl.invoke(NativeMethodAccessorImpl.java:78)
	at java.base/jdk.internal.reflect.DelegatingMethodAccessorImpl.invoke(DelegatingMethodAccessorImpl.java:43)
	at java.base/java.lang.reflect.Method.invoke(Method.java:567)
	at org.testng.internal.MethodInvocationHelper.invokeMethod(MethodInvocationHelper.java:133)
	at org.testng.internal.TestInvoker.invokeMethod(TestInvoker.java:598)
	at org.testng.internal.TestInvoker.invokeTestMethod(TestInvoker.java:173)
	at org.testng.internal.MethodRunner.runInSequence(MethodRunner.java:46)
	at org.testng.internal.TestInvoker$MethodInvocationAgent.invoke(TestInvoker.java:824)
	at org.testng.internal.TestInvoker.invokeTestMethods(TestInvoker.java:146)
	at org.testng.internal.TestMethodWorker.invokeTestMethods(TestMethodWorker.java:146)
	at org.testng.internal.TestMethodWorker.run(TestMethodWorker.java:128)
	at java.base/java.util.ArrayList.forEach(ArrayList.java:1511)
	at org.testng.TestRunner.privateRun(TestRunner.java:794)
	at org.testng.TestRunner.run(TestRunner.java:596)
	at org.testng.SuiteRunner.runTest(SuiteRunner.java:377)
	at org.testng.SuiteRunner.runSequentially(SuiteRunner.java:371)
	at org.testng.SuiteRunner.privateRun(SuiteRunner.java:332)
	at org.testng.SuiteRunner.run(SuiteRunner.java:276)
	at org.testng.SuiteRunnerWorker.runSuite(SuiteRunnerWorker.java:53)
	at org.testng.SuiteRunnerWorker.run(SuiteRunnerWorker.java:96)
	at org.testng.TestNG.runSuitesSequentially(TestNG.java:1212)
	at org.testng.TestNG.runSuitesLocally(TestNG.java:1134)
	at org.testng.TestNG.runSuites(TestNG.java:1063)
	at org.testng.TestNG.run(TestNG.java:1031)
	at org.testng.remote.AbstractRemoteTestNG.run(AbstractRemoteTestNG.java:115)
	at org.testng.remote.RemoteTestNG.initAndRun(RemoteTestNG.java:251)
	at org.testng.remote.RemoteTestNG.main(RemoteTestNG.java:77)
</pre></div></td>
<td>16</td>
<td>Inkbox.Tests.ProductSearchTest@4d9e68d0</td></tr>
<tr>
<td title='Inkbox.Tests.ProductSearchTest.ValidatePresentUrl_with_PreviousUrl()'><b>ValidatePresentUrl_with_PreviousUrl</b><br>Test class: Inkbox.Tests.ProductSearchTest</td>
<td><div><pre>java.lang.AssertionError
	at org.junit.Assert.fail(Assert.java:86)
	at org.junit.Assert.fail(Assert.java:95)
	at Helpers.ControlHelpers.ButtonClick(ControlHelpers.java:63)
	at Inkbox.Pages.BasePage.AcctountIcon(BasePage.java:121)
	at Inkbox.Pages.LoginPage.UserLogin(LoginPage.java:80)
	at Inkbox.Tests.ProductSearchTest.ValidatePresentUrl_with_PreviousUrl(ProductSearchTest.java:75)
	at java.base/java.util.ArrayList.forEach(ArrayList.java:1511)
... Removed 27 stack frames</pre></div><a href='#' onClick='toggleBox("stack-trace1097536101", this, "Click to show all stack frames", "Click to hide stack frames")'>Click to show all stack frames</a>
<div class='stack-trace' id='stack-trace1097536101'><pre>java.lang.AssertionError
	at org.junit.Assert.fail(Assert.java:86)
	at org.junit.Assert.fail(Assert.java:95)
	at Helpers.ControlHelpers.ButtonClick(ControlHelpers.java:63)
	at Inkbox.Pages.BasePage.AcctountIcon(BasePage.java:121)
	at Inkbox.Pages.LoginPage.UserLogin(LoginPage.java:80)
	at Inkbox.Tests.ProductSearchTest.ValidatePresentUrl_with_PreviousUrl(ProductSearchTest.java:75)
	at java.base/jdk.internal.reflect.NativeMethodAccessorImpl.invoke0(Native Method)
	at java.base/jdk.internal.reflect.NativeMethodAccessorImpl.invoke(NativeMethodAccessorImpl.java:78)
	at java.base/jdk.internal.reflect.DelegatingMethodAccessorImpl.invoke(DelegatingMethodAccessorImpl.java:43)
	at java.base/java.lang.reflect.Method.invoke(Method.java:567)
	at org.testng.internal.MethodInvocationHelper.invokeMethod(MethodInvocationHelper.java:133)
	at org.testng.internal.TestInvoker.invokeMethod(TestInvoker.java:598)
	at org.testng.internal.TestInvoker.invokeTestMethod(TestInvoker.java:173)
	at org.testng.internal.MethodRunner.runInSequence(MethodRunner.java:46)
	at org.testng.internal.TestInvoker$MethodInvocationAgent.invoke(TestInvoker.java:824)
	at org.testng.internal.TestInvoker.invokeTestMethods(TestInvoker.java:146)
	at org.testng.internal.TestMethodWorker.invokeTestMethods(TestMethodWorker.java:146)
	at org.testng.internal.TestMethodWorker.run(TestMethodWorker.java:128)
	at java.base/java.util.ArrayList.forEach(ArrayList.java:1511)
	at org.testng.TestRunner.privateRun(TestRunner.java:794)
	at org.testng.TestRunner.run(TestRunner.java:596)
	at org.testng.SuiteRunner.runTest(SuiteRunner.java:377)
	at org.testng.SuiteRunner.runSequentially(SuiteRunner.java:371)
	at org.testng.SuiteRunner.privateRun(SuiteRunner.java:332)
	at org.testng.SuiteRunner.run(SuiteRunner.java:276)
	at org.testng.SuiteRunnerWorker.runSuite(SuiteRunnerWorker.java:53)
	at org.testng.SuiteRunnerWorker.run(SuiteRunnerWorker.java:96)
	at org.testng.TestNG.runSuitesSequentially(TestNG.java:1212)
	at org.testng.TestNG.runSuitesLocally(TestNG.java:1134)
	at org.testng.TestNG.runSuites(TestNG.java:1063)
	at org.testng.TestNG.run(TestNG.java:1031)
	at org.testng.remote.AbstractRemoteTestNG.run(AbstractRemoteTestNG.java:115)
	at org.testng.remote.RemoteTestNG.initAndRun(RemoteTestNG.java:251)
	at org.testng.remote.RemoteTestNG.main(RemoteTestNG.java:77)
</pre></div></td>
<td>6</td>
<td>Inkbox.Tests.ProductSearchTest@4d9e68d0</td></tr>
</table><p>
<table width='100%' border='1' class='invocation-passed'>
<tr><td colspan='4' align='center'><b>PASSED TESTS</b></td></tr>
<tr><td><b>Test method</b></td>
<td width="30%"><b>Exception</b></td>
<td width="10%"><b>Time (seconds)</b></td>
<td><b>Instance</b></td>
</tr>
<tr>
<td title='Inkbox.Tests.ProductSearchTest.SortByPriceLowToHigh()'><b>SortByPriceLowToHigh</b><br>Test class: Inkbox.Tests.ProductSearchTest</td>
<td></td>
<td>31</td>
<td>Inkbox.Tests.ProductSearchTest@4d9e68d0</td></tr>
<tr>
<td title='Inkbox.Tests.CartTest.AddItemsToCart_without_Login_and_ValidateAfterLogin()'><b>AddItemsToCart_without_Login_and_ValidateAfterLogin</b><br>Test class: Inkbox.Tests.CartTest</td>
<td></td>
<td>39</td>
<td>Inkbox.Tests.CartTest@52e6fdee</td></tr>
<tr>
<td title='Inkbox.Tests.HomePageTest.Verify_Changepassword()'><b>Verify_Changepassword</b><br>Test class: Inkbox.Tests.HomePageTest</td>
<td></td>
<td>30</td>
<td>Inkbox.Tests.HomePageTest@1d9b7cce</td></tr>
<tr>
<td title='Inkbox.Tests.LoginTest.LoginWithFacebook()'><b>LoginWithFacebook</b><br>Test class: Inkbox.Tests.LoginTest</td>
<td></td>
<td>11</td>
<td>Inkbox.Tests.LoginTest@56620197</td></tr>
<tr>
<td title='Inkbox.Tests.CartTest.ValidateItems_Adding_To_Cart()'><b>ValidateItems_Adding_To_Cart</b><br>Test class: Inkbox.Tests.CartTest</td>
<td></td>
<td>53</td>
<td>Inkbox.Tests.CartTest@52e6fdee</td></tr>
<tr>
<td title='Inkbox.Tests.HomePageTest.Validating_HomePage()'><b>Validating_HomePage</b><br>Test class: Inkbox.Tests.HomePageTest</td>
<td></td>
<td>23</td>
<td>Inkbox.Tests.HomePageTest@1d9b7cce</td></tr>
<tr>
<td title='Inkbox.Tests.LoginTest.LoginWithDirectUser()'><b>LoginWithDirectUser</b><br>Test class: Inkbox.Tests.LoginTest</td>
<td></td>
<td>14</td>
<td>Inkbox.Tests.LoginTest@56620197</td></tr>
<tr>
<td title='Inkbox.Tests.LoginTest.LoginWithGoogle()'><b>LoginWithGoogle</b><br>Test class: Inkbox.Tests.LoginTest</td>
<td></td>
<td>15</td>
<td>Inkbox.Tests.LoginTest@56620197</td></tr>
<tr>
<td title='Inkbox.Tests.HomePageTest.ProductsDisplayed_are_Clicable_And_Move_To_PDP()'><b>ProductsDisplayed_are_Clicable_And_Move_To_PDP</b><br>Test class: Inkbox.Tests.HomePageTest</td>
<td></td>
<td>30</td>
<td>Inkbox.Tests.HomePageTest@1d9b7cce</td></tr>
<tr>
<td title='Inkbox.Tests.ProductSearchTest.Autosuggestion_Validation()'><b>Autosuggestion_Validation</b><br>Test class: Inkbox.Tests.ProductSearchTest</td>
<td></td>
<td>38</td>
<td>Inkbox.Tests.ProductSearchTest@4d9e68d0</td></tr>
<tr>
<td title='Inkbox.Tests.CartTest.VerifyFreeShippingMessage()'><b>VerifyFreeShippingMessage</b><br>Test class: Inkbox.Tests.CartTest</td>
<td></td>
<td>42</td>
<td>Inkbox.Tests.CartTest@52e6fdee</td></tr>
<tr>
<td title='Inkbox.Tests.HomePageTest.VerifypopularCategories()'><b>VerifypopularCategories</b><br>Test class: Inkbox.Tests.HomePageTest</td>
<td></td>
<td>102</td>
<td>Inkbox.Tests.HomePageTest@1d9b7cce</td></tr>
<tr>
<td title='Inkbox.Tests.HomePageTest.Validate_Footer()'><b>Validate_Footer</b><br>Test class: Inkbox.Tests.HomePageTest</td>
<td></td>
<td>218</td>
<td>Inkbox.Tests.HomePageTest@1d9b7cce</td></tr>
<tr>
<td title='Inkbox.Tests.CartTest.IncreamentProduct_InCart_And_INC_145_cannot_remove_item_from_cart()'><b>IncreamentProduct_InCart_And_INC_145_cannot_remove_item_from_cart</b><br>Test class: Inkbox.Tests.CartTest</td>
<td></td>
<td>95</td>
<td>Inkbox.Tests.CartTest@52e6fdee</td></tr>
</table><p>
</body>
</html>