<?xml version="1.0" encoding="UTF-8"?>
<!-- Generated by org.testng.reporters.JUnitXMLReporter -->
<testsuite ignored="6" hostname="DESKTOP-9NIDAD7" failures="5" tests="19" name="Test" time="998.356" errors="0" timestamp="2021-07-12T13:16:43 EDT">
  <testcase classname="Inkbox.Tests.LoginTest" name="LoginWithDirectUser" time="14.229"/>
  <testcase classname="Inkbox.Tests.LoginTest" name="LoginWithFacebook" time="11.417"/>
  <testcase classname="Inkbox.Tests.LoginTest" name="LoginWithGoogle" time="15.608"/>
  <testcase classname="Inkbox.Tests.HomePageTest" name="ProductsDisplayed_are_Clicable_And_Move_To_PDP" time="30.18"/>
  <testcase classname="Inkbox.Tests.HomePageTest" name="Validate_Footer" time="218.027"/>
  <testcase classname="Inkbox.Tests.HomePageTest" name="Validating_HomePage" time="23.251"/>
  <testcase classname="Inkbox.Tests.HomePageTest" name="Verify_Changepassword" time="30.721"/>
  <testcase classname="Inkbox.Tests.HomePageTest" name="Verify_Display_of_Products_on_Homepage" time="29.057">
    <failure type="java.lang.AssertionError">
      <![CDATA[java.lang.AssertionError
at org.junit.Assert.fail(Assert.java:86)
at org.junit.Assert.fail(Assert.java:95)
at Helpers.ControlHelpers.getText(ControlHelpers.java:113)
at Inkbox.Pages.HomePage.Validating_JustDrop_Products(HomePage.java:45)
at Inkbox.Tests.HomePageTest.Verify_Display_of_Products_on_Homepage(HomePageTest.java:55)
at java.base/java.util.ArrayList.forEach(ArrayList.java:1511)
... Removed 27 stack frames]]>
    </failure>
  </testcase> <!-- Verify_Display_of_Products_on_Homepage -->
  <testcase classname="Inkbox.Tests.HomePageTest" name="VerifypopularCategories" time="102.127"/>
  <testcase classname="Inkbox.Tests.ProductSearchTest" name="Autosuggestion_Validation" time="38.846"/>
  <testcase classname="Inkbox.Tests.ProductSearchTest" name="SortByPriceLowToHigh" time="31.491"/>
  <testcase classname="Inkbox.Tests.ProductSearchTest" name="SortBySize" time="16.055">
    <failure type="java.lang.AssertionError">
      <![CDATA[java.lang.AssertionError
at org.junit.Assert.fail(Assert.java:86)
at org.junit.Assert.fail(Assert.java:95)
at Helpers.ControlHelpers.ButtonClick(ControlHelpers.java:63)
at Inkbox.Pages.LoginPage.ClickLogin_link(LoginPage.java:47)
at Inkbox.Pages.LoginPage.UserLogin(LoginPage.java:82)
at Inkbox.Tests.ProductSearchTest.SortBySize(ProductSearchTest.java:57)
at java.base/java.util.ArrayList.forEach(ArrayList.java:1511)
... Removed 27 stack frames]]>
    </failure>
  </testcase> <!-- SortBySize -->
  <testcase classname="Inkbox.Tests.ProductSearchTest" name="ValidatePresentUrl_with_PreviousUrl" time="6.155">
    <failure type="java.lang.AssertionError">
      <![CDATA[java.lang.AssertionError
at org.junit.Assert.fail(Assert.java:86)
at org.junit.Assert.fail(Assert.java:95)
at Helpers.ControlHelpers.ButtonClick(ControlHelpers.java:63)
at Inkbox.Pages.BasePage.AcctountIcon(BasePage.java:121)
at Inkbox.Pages.LoginPage.UserLogin(LoginPage.java:80)
at Inkbox.Tests.ProductSearchTest.ValidatePresentUrl_with_PreviousUrl(ProductSearchTest.java:75)
at java.base/java.util.ArrayList.forEach(ArrayList.java:1511)
... Removed 27 stack frames]]>
    </failure>
  </testcase> <!-- ValidatePresentUrl_with_PreviousUrl -->
  <testcase classname="Inkbox.Tests.ProductSearchTest" name="ValidatePricingBlock" time="16.035">
    <failure type="java.lang.AssertionError">
      <![CDATA[java.lang.AssertionError
at org.junit.Assert.fail(Assert.java:86)
at org.junit.Assert.fail(Assert.java:95)
at Helpers.ControlHelpers.ButtonClick(ControlHelpers.java:63)
at Inkbox.Pages.LoginPage.ClickLogin_link(LoginPage.java:47)
at Inkbox.Pages.LoginPage.UserLogin(LoginPage.java:82)
at Inkbox.Tests.ProductSearchTest.ValidatePricingBlock(ProductSearchTest.java:83)
at java.base/java.util.ArrayList.forEach(ArrayList.java:1511)
... Removed 27 stack frames]]>
    </failure>
  </testcase> <!-- ValidatePricingBlock -->
  <testcase classname="Inkbox.Tests.ProductSearchTest" name="Verify_SearchResults" time="15.897">
    <failure type="java.lang.AssertionError">
      <![CDATA[java.lang.AssertionError
at org.junit.Assert.fail(Assert.java:86)
at org.junit.Assert.fail(Assert.java:95)
at Helpers.ControlHelpers.ButtonClick(ControlHelpers.java:63)
at Inkbox.Pages.LoginPage.ClickLogin_link(LoginPage.java:47)
at Inkbox.Pages.LoginPage.UserLogin(LoginPage.java:82)
at Inkbox.Tests.ProductSearchTest.Verify_SearchResults(ProductSearchTest.java:49)
at java.base/java.util.ArrayList.forEach(ArrayList.java:1511)
... Removed 27 stack frames]]>
    </failure>
  </testcase> <!-- Verify_SearchResults -->
  <testcase classname="Inkbox.Tests.CartTest" name="AddItemsToCart_without_Login_and_ValidateAfterLogin" time="39.651"/>
  <testcase classname="Inkbox.Tests.CartTest" name="IncreamentProduct_InCart_And_INC_145_cannot_remove_item_from_cart" time="95.06"/>
  <testcase classname="Inkbox.Tests.CartTest" name="ValidateItems_Adding_To_Cart" time="53.172"/>
  <testcase classname="Inkbox.Tests.CartTest" name="VerifyFreeShippingMessage" time="42.541"/>
  <testcase classname="Helpers.LaunchDriver" name="@BeforeSuite beforeSuite" time="0.0">
    <ignored/>
  </testcase> <!-- @BeforeSuite beforeSuite -->
  <testcase classname="Helpers.LaunchDriver" name="@BeforeSuite beforeSuite" time="0.0">
    <ignored/>
  </testcase> <!-- @BeforeSuite beforeSuite -->
  <testcase classname="Helpers.LaunchDriver" name="@BeforeSuite beforeSuite" time="0.0">
    <ignored/>
  </testcase> <!-- @BeforeSuite beforeSuite -->
  <testcase classname="Helpers.LaunchDriver" name="@BeforeTest beforeTest" time="0.0">
    <ignored/>
  </testcase> <!-- @BeforeTest beforeTest -->
  <testcase classname="Helpers.LaunchDriver" name="@BeforeTest beforeTest" time="0.0">
    <ignored/>
  </testcase> <!-- @BeforeTest beforeTest -->
  <testcase classname="Helpers.LaunchDriver" name="@BeforeTest beforeTest" time="0.0">
    <ignored/>
  </testcase> <!-- @BeforeTest beforeTest -->
</testsuite> <!-- Test -->
