<?xml version="1.0" encoding="UTF-8"?>
<testng-results ignored="23" total="25" passed="1" failed="1" skipped="0">
  <reporter-output>
  </reporter-output>
  <suite started-at="2021-07-12T12:47:50 EDT" name="Suite" finished-at="2021-07-12T12:49:11 EDT" duration-ms="81031">
    <groups>
      <group name="regression">
        <method signature="HomePageTest.Verify_Display_of_Products_on_Homepage()[pri:0, instance:Inkbox.Tests.HomePageTest@15ff3e9e]" name="Verify_Display_of_Products_on_Homepage" class="Inkbox.Tests.HomePageTest"/>
        <method signature="ProductSearchTest.SortByPriceLowToHigh()[pri:0, instance:Inkbox.Tests.ProductSearchTest@5fdcaa40]" name="SortByPriceLowToHigh" class="Inkbox.Tests.ProductSearchTest"/>
      </group> <!-- regression -->
    </groups>
    <test started-at="2021-07-12T12:47:50 EDT" name="Test" finished-at="2021-07-12T12:49:11 EDT" duration-ms="81031">
      <class name="Inkbox.Tests.HomePageTest">
        <test-method is-config="true" signature="beforeMethod(java.lang.String,java.lang.String)[pri:0, instance:Inkbox.Tests.HomePageTest@15ff3e9e]" started-at="2021-07-12T12:47:50 EDT" name="beforeMethod" finished-at="2021-07-12T12:47:56 EDT" duration-ms="5315" status="PASS">
          <params>
            <param index="0">
              <value>
                <![CDATA[chrome]]>
              </value>
            </param>
            <param index="1">
              <value>
                <![CDATA[https://inkbox.com]]>
              </value>
            </param>
          </params>
          <reporter-output>
          </reporter-output>
        </test-method> <!-- beforeMethod -->
        <test-method is-config="true" signature="BeforeMethod(org.testng.ITestResult)[pri:0, instance:Inkbox.Tests.HomePageTest@15ff3e9e]" started-at="2021-07-12T12:47:56 EDT" name="BeforeMethod" finished-at="2021-07-12T12:47:56 EDT" duration-ms="12" status="PASS">
          <params>
            <param index="0">
              <value>
                <![CDATA[[TestResult name={null} status=CREATED method=HomePageTest.Verify_Display_of_Products_on_Homepage()[pri:0, instance:Inkbox.Tests.HomePageTest@15ff3e9e] output={null}]]]>
              </value>
            </param>
          </params>
          <reporter-output>
          </reporter-output>
        </test-method> <!-- BeforeMethod -->
        <test-method signature="Verify_Display_of_Products_on_Homepage()[pri:0, instance:Inkbox.Tests.HomePageTest@15ff3e9e]" started-at="2021-07-12T12:47:56 EDT" name="Verify_Display_of_Products_on_Homepage" finished-at="2021-07-12T12:48:25 EDT" duration-ms="28884" status="FAIL">
          <exception class="java.lang.AssertionError">
            <full-stacktrace>
              <![CDATA[java.lang.AssertionError
at org.junit.Assert.fail(Assert.java:86)
at org.junit.Assert.fail(Assert.java:95)
at Helpers.ControlHelpers.getText(ControlHelpers.java:113)
at Inkbox.Pages.HomePage.Validating_JustDrop_Products(HomePage.java:45)
at Inkbox.Tests.HomePageTest.Verify_Display_of_Products_on_Homepage(HomePageTest.java:55)
at java.base/jdk.internal.reflect.NativeMethodAccessorImpl.invoke0(Native Method)
at java.base/jdk.internal.reflect.NativeMethodAccessorImpl.invoke(NativeMethodAccessorImpl.java:78)
at java.base/jdk.internal.reflect.DelegatingMethodAccessorImpl.invoke(DelegatingMethodAccessorImpl.java:43)
at java.base/java.lang.reflect.Method.invoke(Method.java:567)
at org.testng.internal.MethodInvocationHelper.invokeMethod(MethodInvocationHelper.java:133)
at org.testng.internal.TestInvoker.invokeMethod(TestInvoker.java:598)
at org.testng.internal.TestInvoker.invokeTestMethod(TestInvoker.java:173)
at org.testng.internal.MethodRunner.runInSequence(MethodRunner.java:46)
at org.testng.internal.TestInvoker$MethodInvocationAgent.invoke(TestInvoker.java:824)
at org.testng.internal.TestInvoker.invokeTestMethods(TestInvoker.java:146)
at org.testng.internal.TestMethodWorker.invokeTestMethods(TestMethodWorker.java:146)
at org.testng.internal.TestMethodWorker.run(TestMethodWorker.java:128)
at java.base/java.util.ArrayList.forEach(ArrayList.java:1511)
at org.testng.TestRunner.privateRun(TestRunner.java:794)
at org.testng.TestRunner.run(TestRunner.java:596)
at org.testng.SuiteRunner.runTest(SuiteRunner.java:377)
at org.testng.SuiteRunner.runSequentially(SuiteRunner.java:371)
at org.testng.SuiteRunner.privateRun(SuiteRunner.java:332)
at org.testng.SuiteRunner.run(SuiteRunner.java:276)
at org.testng.SuiteRunnerWorker.runSuite(SuiteRunnerWorker.java:53)
at org.testng.SuiteRunnerWorker.run(SuiteRunnerWorker.java:96)
at org.testng.TestNG.runSuitesSequentially(TestNG.java:1212)
at org.testng.TestNG.runSuitesLocally(TestNG.java:1134)
at org.testng.TestNG.runSuites(TestNG.java:1063)
at org.testng.TestNG.run(TestNG.java:1031)
at org.testng.remote.AbstractRemoteTestNG.run(AbstractRemoteTestNG.java:115)
at org.testng.remote.RemoteTestNG.initAndRun(RemoteTestNG.java:251)
at org.testng.remote.RemoteTestNG.main(RemoteTestNG.java:77)
]]>
            </full-stacktrace>
          </exception> <!-- java.lang.AssertionError -->
          <reporter-output>
          </reporter-output>
        </test-method> <!-- Verify_Display_of_Products_on_Homepage -->
        <test-method is-config="true" signature="AfterMethod(org.testng.ITestResult)[pri:0, instance:Inkbox.Tests.HomePageTest@15ff3e9e]" started-at="2021-07-12T12:48:25 EDT" name="AfterMethod" finished-at="2021-07-12T12:48:25 EDT" duration-ms="777" status="PASS">
          <params>
            <param index="0">
              <value>
                <![CDATA[[TestResult name=Verify_Display_of_Products_on_Homepage status=FAILURE method=HomePageTest.Verify_Display_of_Products_on_Homepage()[pri:0, instance:Inkbox.Tests.HomePageTest@15ff3e9e] output={null}]]]>
              </value>
            </param>
          </params>
          <reporter-output>
          </reporter-output>
        </test-method> <!-- AfterMethod -->
        <test-method is-config="true" signature="afterMethod()[pri:0, instance:Inkbox.Tests.HomePageTest@15ff3e9e]" started-at="2021-07-12T12:48:25 EDT" name="afterMethod" finished-at="2021-07-12T12:48:30 EDT" duration-ms="4331" status="PASS">
          <reporter-output>
          </reporter-output>
        </test-method> <!-- afterMethod -->
      </class> <!-- Inkbox.Tests.HomePageTest -->
      <class name="Inkbox.Tests.ProductSearchTest">
        <test-method is-config="true" signature="beforeMethod(java.lang.String,java.lang.String)[pri:0, instance:Inkbox.Tests.ProductSearchTest@5fdcaa40]" started-at="2021-07-12T12:48:30 EDT" name="beforeMethod" finished-at="2021-07-12T12:48:35 EDT" duration-ms="5639" status="PASS">
          <params>
            <param index="0">
              <value>
                <![CDATA[chrome]]>
              </value>
            </param>
            <param index="1">
              <value>
                <![CDATA[https://inkbox.com]]>
              </value>
            </param>
          </params>
          <reporter-output>
          </reporter-output>
        </test-method> <!-- beforeMethod -->
        <test-method is-config="true" signature="BeforeMethod(org.testng.ITestResult)[pri:0, instance:Inkbox.Tests.ProductSearchTest@5fdcaa40]" started-at="2021-07-12T12:48:35 EDT" name="BeforeMethod" finished-at="2021-07-12T12:48:36 EDT" duration-ms="212" status="PASS">
          <params>
            <param index="0">
              <value>
                <![CDATA[[TestResult name={null} status=CREATED method=ProductSearchTest.SortByPriceLowToHigh()[pri:0, instance:Inkbox.Tests.ProductSearchTest@5fdcaa40] output={null}]]]>
              </value>
            </param>
          </params>
          <reporter-output>
          </reporter-output>
        </test-method> <!-- BeforeMethod -->
        <test-method signature="SortByPriceLowToHigh()[pri:0, instance:Inkbox.Tests.ProductSearchTest@5fdcaa40]" started-at="2021-07-12T12:48:36 EDT" name="SortByPriceLowToHigh" finished-at="2021-07-12T12:49:07 EDT" duration-ms="31389" status="PASS">
          <reporter-output>
          </reporter-output>
        </test-method> <!-- SortByPriceLowToHigh -->
        <test-method is-config="true" signature="AfterMethod(org.testng.ITestResult)[pri:0, instance:Inkbox.Tests.ProductSearchTest@5fdcaa40]" started-at="2021-07-12T12:49:07 EDT" name="AfterMethod" finished-at="2021-07-12T12:49:07 EDT" duration-ms="28" status="PASS">
          <params>
            <param index="0">
              <value>
                <![CDATA[[TestResult name=SortByPriceLowToHigh status=SUCCESS method=ProductSearchTest.SortByPriceLowToHigh()[pri:0, instance:Inkbox.Tests.ProductSearchTest@5fdcaa40] output={null}]]]>
              </value>
            </param>
          </params>
          <reporter-output>
          </reporter-output>
        </test-method> <!-- AfterMethod -->
        <test-method is-config="true" signature="afterMethod()[pri:0, instance:Inkbox.Tests.ProductSearchTest@5fdcaa40]" started-at="2021-07-12T12:49:07 EDT" name="afterMethod" finished-at="2021-07-12T12:49:11 EDT" duration-ms="4317" status="PASS">
          <reporter-output>
          </reporter-output>
        </test-method> <!-- afterMethod -->
      </class> <!-- Inkbox.Tests.ProductSearchTest -->
      <class name="Inkbox.Tests.LoginTest">
        <test-method is-config="true" signature="beforeSuite()[pri:0, instance:Inkbox.Tests.LoginTest@43195e57]" started-at="2021-07-12T12:47:50 EDT" name="beforeSuite" finished-at="2021-07-12T12:47:50 EDT" duration-ms="46" status="PASS">
          <reporter-output>
          </reporter-output>
        </test-method> <!-- beforeSuite -->
        <test-method is-config="true" signature="beforeTest()[pri:0, instance:Inkbox.Tests.LoginTest@43195e57]" started-at="2021-07-12T12:47:50 EDT" name="beforeTest" finished-at="2021-07-12T12:47:50 EDT" duration-ms="92" status="PASS">
          <reporter-output>
          </reporter-output>
        </test-method> <!-- beforeTest -->
      </class> <!-- Inkbox.Tests.LoginTest -->
    </test> <!-- Test -->
  </suite> <!-- Suite -->
</testng-results>
