<?xml version="1.0" encoding="UTF-8"?>
<testng-results ignored="0" total="1" passed="0" failed="1" skipped="0">
  <reporter-output>
  </reporter-output>
  <suite started-at="2021-07-16T11:23:31 EDT" name="Suite" finished-at="2021-07-16T11:24:14 EDT" duration-ms="43855">
    <groups>
    </groups>
    <test started-at="2021-07-16T11:23:31 EDT" name="Test" finished-at="2021-07-16T11:24:14 EDT" duration-ms="43855">
      <class name="Inkbox.Tests.ContentFulTest">
        <test-method is-config="true" signature="beforeSuite()[pri:0, instance:Inkbox.Tests.ContentFulTest@56620197]" started-at="2021-07-16T11:23:31 EDT" name="beforeSuite" finished-at="2021-07-16T11:23:31 EDT" duration-ms="62" status="PASS">
          <reporter-output>
          </reporter-output>
        </test-method> <!-- beforeSuite -->
        <test-method is-config="true" signature="beforeTest()[pri:0, instance:Inkbox.Tests.ContentFulTest@56620197]" started-at="2021-07-16T11:23:31 EDT" name="beforeTest" finished-at="2021-07-16T11:23:31 EDT" duration-ms="109" status="PASS">
          <reporter-output>
          </reporter-output>
        </test-method> <!-- beforeTest -->
        <test-method is-config="true" signature="beforeMethod(java.lang.String,java.lang.String)[pri:0, instance:Inkbox.Tests.ContentFulTest@56620197]" started-at="2021-07-16T11:23:31 EDT" name="beforeMethod" finished-at="2021-07-16T11:23:38 EDT" duration-ms="7126" status="PASS">
          <params>
            <param index="0">
              <value>
                <![CDATA[chrome]]>
              </value>
            </param>
            <param index="1">
              <value>
                <![CDATA[https://inkbox.com]]>
              </value>
            </param>
          </params>
          <reporter-output>
          </reporter-output>
        </test-method> <!-- beforeMethod -->
        <test-method is-config="true" signature="BeforeMethod(org.testng.ITestResult)[pri:0, instance:Inkbox.Tests.ContentFulTest@56620197]" started-at="2021-07-16T11:23:38 EDT" name="BeforeMethod" finished-at="2021-07-16T11:23:38 EDT" duration-ms="12" status="PASS">
          <params>
            <param index="0">
              <value>
                <![CDATA[[TestResult name={null} status=CREATED method=ContentFulTest.Login()[pri:0, instance:Inkbox.Tests.ContentFulTest@56620197] output={null}]]]>
              </value>
            </param>
          </params>
          <reporter-output>
          </reporter-output>
        </test-method> <!-- BeforeMethod -->
        <test-method signature="Login()[pri:0, instance:Inkbox.Tests.ContentFulTest@56620197]" started-at="2021-07-16T11:23:38 EDT" name="Login" finished-at="2021-07-16T11:24:09 EDT" duration-ms="31226" status="FAIL">
          <exception class="java.lang.AssertionError">
            <full-stacktrace>
              <![CDATA[java.lang.AssertionError
at org.junit.Assert.fail(Assert.java:86)
at org.junit.Assert.fail(Assert.java:95)
at Helpers.ControlHelpers.getText(ControlHelpers.java:121)
at Inkbox.Pages.ContentfulPage.Hero_Banner_validation(ContentfulPage.java:57)
at Inkbox.Tests.ContentFulTest.Login(ContentFulTest.java:49)
at java.base/jdk.internal.reflect.NativeMethodAccessorImpl.invoke0(Native Method)
at java.base/jdk.internal.reflect.NativeMethodAccessorImpl.invoke(NativeMethodAccessorImpl.java:78)
at java.base/jdk.internal.reflect.DelegatingMethodAccessorImpl.invoke(DelegatingMethodAccessorImpl.java:43)
at java.base/java.lang.reflect.Method.invoke(Method.java:567)
at org.testng.internal.MethodInvocationHelper.invokeMethod(MethodInvocationHelper.java:133)
at org.testng.internal.TestInvoker.invokeMethod(TestInvoker.java:598)
at org.testng.internal.TestInvoker.invokeTestMethod(TestInvoker.java:173)
at org.testng.internal.MethodRunner.runInSequence(MethodRunner.java:46)
at org.testng.internal.TestInvoker$MethodInvocationAgent.invoke(TestInvoker.java:824)
at org.testng.internal.TestInvoker.invokeTestMethods(TestInvoker.java:146)
at org.testng.internal.TestMethodWorker.invokeTestMethods(TestMethodWorker.java:146)
at org.testng.internal.TestMethodWorker.run(TestMethodWorker.java:128)
at java.base/java.util.ArrayList.forEach(ArrayList.java:1511)
at org.testng.TestRunner.privateRun(TestRunner.java:794)
at org.testng.TestRunner.run(TestRunner.java:596)
at org.testng.SuiteRunner.runTest(SuiteRunner.java:377)
at org.testng.SuiteRunner.runSequentially(SuiteRunner.java:371)
at org.testng.SuiteRunner.privateRun(SuiteRunner.java:332)
at org.testng.SuiteRunner.run(SuiteRunner.java:276)
at org.testng.SuiteRunnerWorker.runSuite(SuiteRunnerWorker.java:53)
at org.testng.SuiteRunnerWorker.run(SuiteRunnerWorker.java:96)
at org.testng.TestNG.runSuitesSequentially(TestNG.java:1212)
at org.testng.TestNG.runSuitesLocally(TestNG.java:1134)
at org.testng.TestNG.runSuites(TestNG.java:1063)
at org.testng.TestNG.run(TestNG.java:1031)
at org.testng.remote.AbstractRemoteTestNG.run(AbstractRemoteTestNG.java:115)
at org.testng.remote.RemoteTestNG.initAndRun(RemoteTestNG.java:251)
at org.testng.remote.RemoteTestNG.main(RemoteTestNG.java:77)
]]>
            </full-stacktrace>
          </exception> <!-- java.lang.AssertionError -->
          <reporter-output>
          </reporter-output>
        </test-method> <!-- Login -->
        <test-method is-config="true" signature="AfterMethod(org.testng.ITestResult)[pri:0, instance:Inkbox.Tests.ContentFulTest@56620197]" started-at="2021-07-16T11:24:09 EDT" name="AfterMethod" finished-at="2021-07-16T11:24:10 EDT" duration-ms="999" status="PASS">
          <params>
            <param index="0">
              <value>
                <![CDATA[[TestResult name=Login status=FAILURE method=ContentFulTest.Login()[pri:0, instance:Inkbox.Tests.ContentFulTest@56620197] output={null}]]]>
              </value>
            </param>
          </params>
          <reporter-output>
          </reporter-output>
        </test-method> <!-- AfterMethod -->
        <test-method is-config="true" signature="afterMethod()[pri:0, instance:Inkbox.Tests.ContentFulTest@56620197]" started-at="2021-07-16T11:24:10 EDT" name="afterMethod" finished-at="2021-07-16T11:24:14 EDT" duration-ms="4353" status="PASS">
          <reporter-output>
          </reporter-output>
        </test-method> <!-- afterMethod -->
      </class> <!-- Inkbox.Tests.ContentFulTest -->
    </test> <!-- Test -->
  </suite> <!-- Suite -->
</testng-results>
